[debug] [2018-07-02T19:26:04.160Z] ----------------------------------------------------------------------
[debug] [2018-07-02T19:26:04.163Z] Command:       C:\Program Files\nodejs\node.exe C:\Users\hp\AppData\Roaming\npm\node_modules\firebase-tools\bin\firebase serve
[debug] [2018-07-02T19:26:04.163Z] CLI Version:   3.19.1
[debug] [2018-07-02T19:26:04.163Z] Platform:      win32
[debug] [2018-07-02T19:26:04.163Z] Node Version:  v9.8.0
[debug] [2018-07-02T19:26:04.164Z] Time:          Tue Jul 03 2018 00:56:04 GMT+0530 (India Standard Time)
[debug] [2018-07-02T19:26:04.164Z] ----------------------------------------------------------------------
[debug] 
[debug] [2018-07-02T19:26:04.174Z] > command requires scopes: ["email","openid","https://www.googleapis.com/auth/cloudplatformprojects.readonly","https://www.googleapis.com/auth/firebase","https://www.googleapis.com/auth/cloud-platform"]
[debug] [2018-07-02T19:26:04.175Z] > authorizing via signed-in user
[debug] [2018-07-02T19:26:04.176Z] > refreshing access token with scopes: ["email","https://www.googleapis.com/auth/cloud-platform","https://www.googleapis.com/auth/cloudplatformprojects.readonly","https://www.googleapis.com/auth/firebase","openid"]
[debug] [2018-07-02T19:26:04.176Z] >>> HTTP REQUEST POST https://www.googleapis.com/oauth2/v3/token  
 { refresh_token: '1/kfa9F3yIIrYEU1bPDncrHD2Yyv7iA5CrO-byOR66b3w',
  client_id: '563584335869-fgrhgmd47bqnekij5i8b5pr03ho849e6.apps.googleusercontent.com',
  client_secret: 'j9iVZfS8kkCEFUPaAeJV0sAi',
  grant_type: 'refresh_token',
  scope: 'email https://www.googleapis.com/auth/cloud-platform https://www.googleapis.com/auth/cloudplatformprojects.readonly https://www.googleapis.com/auth/firebase openid' } 
 Tue Jul 03 2018 00:56:04 GMT+0530 (India Standard Time)
[debug] [2018-07-02T19:26:04.676Z] <<< HTTP RESPONSE 200
[debug] [2018-07-02T19:26:04.718Z] >>> HTTP REQUEST GET https://admin.firebase.com/v1/projects/babble-login  
  
 Tue Jul 03 2018 00:56:04 GMT+0530 (India Standard Time)
[debug] [2018-07-02T19:26:06.157Z] <<< HTTP RESPONSE 200
[debug] [2018-07-02T19:26:06.159Z] >>> HTTP REQUEST GET https://admin.firebase.com/v1/database/babble-login/tokens  
  
 Tue Jul 03 2018 00:56:06 GMT+0530 (India Standard Time)
[debug] [2018-07-02T19:26:07.319Z] <<< HTTP RESPONSE 200
[debug] [2018-07-02T19:26:07.324Z] >>> HTTP REQUEST GET https://cloudresourcemanager.googleapis.com/v1/projects/babble-login  
  
 Tue Jul 03 2018 00:56:07 GMT+0530 (India Standard Time)
[debug] [2018-07-02T19:26:09.075Z] <<< HTTP RESPONSE 200
[info] 
[info] === Serving from 'F:\WEB-DEV PROJECTS\IEEE PROJECTS\Babble-WPA-Blockchain-Integration-'...
[info] 
[debug] [2018-07-02T19:26:09.086Z] >>> HTTP REQUEST GET https://mobilesdk-pa.googleapis.com/v1/projects/386415256208/clients/_:getWebAppConfig  
  
 Tue Jul 03 2018 00:56:09 GMT+0530 (India Standard Time)
[debug] [2018-07-02T19:26:10.030Z] <<< HTTP RESPONSE 200
[info] i  hosting: Serving hosting files from: ./
[info] +  hosting: Local server: http://localhost:5000

[debug] [2018-07-02T19:29:15.362Z] Error: socket hang up
    at TLSSocket.onConnectEnd (_tls_wrap.js:1073:19)
    at Object.onceWrapper (events.js:272:13)
    at TLSSocket.emit (events.js:185:15)
    at TLSSocket.emit (domain.js:421:20)
    at endReadableNT (_stream_readable.js:1101:12)
    at process._tickCallback (internal/process/next_tick.js:114:19)
[error] 
[error] Error: An unexpected error has occurred.
[debug] [2018-07-02T19:29:33.420Z] ----------------------------------------------------------------------
[debug] [2018-07-02T19:29:33.424Z] Command:       C:\Program Files\nodejs\node.exe C:\Users\hp\AppData\Roaming\npm\node_modules\firebase-tools\bin\firebase serve
[debug] [2018-07-02T19:29:33.424Z] CLI Version:   3.19.1
[debug] [2018-07-02T19:29:33.424Z] Platform:      win32
[debug] [2018-07-02T19:29:33.424Z] Node Version:  v9.8.0
[debug] [2018-07-02T19:29:33.425Z] Time:          Tue Jul 03 2018 00:59:33 GMT+0530 (India Standard Time)
[debug] [2018-07-02T19:29:33.425Z] ----------------------------------------------------------------------
[debug] 
[debug] [2018-07-02T19:29:33.432Z] > command requires scopes: ["email","openid","https://www.googleapis.com/auth/cloudplatformprojects.readonly","https://www.googleapis.com/auth/firebase","https://www.googleapis.com/auth/cloud-platform"]
[debug] [2018-07-02T19:29:33.432Z] > authorizing via signed-in user
[debug] [2018-07-02T19:29:33.432Z] >>> HTTP REQUEST GET https://admin.firebase.com/v1/projects/babble-login  
  
 Tue Jul 03 2018 00:59:33 GMT+0530 (India Standard Time)
[debug] [2018-07-02T19:29:34.902Z] <<< HTTP RESPONSE 200
[debug] [2018-07-02T19:29:34.902Z] >>> HTTP REQUEST GET https://admin.firebase.com/v1/database/babble-login/tokens  
  
 Tue Jul 03 2018 00:59:34 GMT+0530 (India Standard Time)
[debug] [2018-07-02T19:29:36.093Z] <<< HTTP RESPONSE 200
[debug] [2018-07-02T19:29:36.093Z] >>> HTTP REQUEST GET https://cloudresourcemanager.googleapis.com/v1/projects/babble-login  
  
 Tue Jul 03 2018 00:59:36 GMT+0530 (India Standard Time)
[debug] [2018-07-02T19:29:37.866Z] <<< HTTP RESPONSE 200
[info] 
[info] === Serving from 'F:\WEB-DEV PROJECTS\IEEE PROJECTS\Babble-WPA-Blockchain-Integration-'...
[info] 
[debug] [2018-07-02T19:29:37.875Z] >>> HTTP REQUEST GET https://mobilesdk-pa.googleapis.com/v1/projects/386415256208/clients/_:getWebAppConfig  
  
 Tue Jul 03 2018 00:59:37 GMT+0530 (India Standard Time)
[debug] [2018-07-02T19:29:38.740Z] <<< HTTP RESPONSE 200
[info] i  hosting: Serving hosting files from: ./
[info] +  hosting: Local server: http://localhost:5000

[debug] [2018-07-03T05:03:09.072Z] ----------------------------------------------------------------------
[debug] [2018-07-03T05:03:09.075Z] Command:       C:\Program Files\nodejs\node.exe C:\Users\hp\AppData\Roaming\npm\node_modules\firebase-tools\bin\firebase serve
[debug] [2018-07-03T05:03:09.075Z] CLI Version:   3.19.1
[debug] [2018-07-03T05:03:09.075Z] Platform:      win32
[debug] [2018-07-03T05:03:09.075Z] Node Version:  v9.8.0
[debug] [2018-07-03T05:03:09.075Z] Time:          Tue Jul 03 2018 10:33:09 GMT+0530 (India Standard Time)
[debug] [2018-07-03T05:03:09.075Z] ----------------------------------------------------------------------
[debug] 
[debug] [2018-07-03T05:03:09.086Z] > command requires scopes: ["email","openid","https://www.googleapis.com/auth/cloudplatformprojects.readonly","https://www.googleapis.com/auth/firebase","https://www.googleapis.com/auth/cloud-platform"]
[debug] [2018-07-03T05:03:09.087Z] > authorizing via signed-in user
[debug] [2018-07-03T05:03:09.089Z] >>> HTTP REQUEST GET https://admin.firebase.com/v1/projects/babble-login  
  
 Tue Jul 03 2018 10:33:09 GMT+0530 (India Standard Time)
[debug] [2018-07-03T05:03:10.849Z] <<< HTTP RESPONSE 200
[debug] [2018-07-03T05:03:10.851Z] >>> HTTP REQUEST GET https://admin.firebase.com/v1/database/babble-login/tokens  
  
 Tue Jul 03 2018 10:33:10 GMT+0530 (India Standard Time)
[debug] [2018-07-03T05:03:11.953Z] <<< HTTP RESPONSE 200
[debug] [2018-07-03T05:03:11.954Z] >>> HTTP REQUEST GET https://cloudresourcemanager.googleapis.com/v1/projects/babble-login  
  
 Tue Jul 03 2018 10:33:11 GMT+0530 (India Standard Time)
[debug] [2018-07-03T05:03:13.774Z] <<< HTTP RESPONSE 200
[info] 
[info] === Serving from 'F:\WEB-DEV PROJECTS\IEEE PROJECTS\Babble-WPA-Blockchain-Integration-'...
[info] 
[debug] [2018-07-03T05:03:13.781Z] >>> HTTP REQUEST GET https://mobilesdk-pa.googleapis.com/v1/projects/386415256208/clients/_:getWebAppConfig  
  
 Tue Jul 03 2018 10:33:13 GMT+0530 (India Standard Time)
[debug] [2018-07-03T05:03:14.825Z] <<< HTTP RESPONSE 200
[info] i  hosting: Serving hosting files from: ./
[info] +  hosting: Local server: http://localhost:5000

[debug] [2018-07-03T15:32:07.396Z] ----------------------------------------------------------------------
[debug] [2018-07-03T15:32:07.398Z] Command:       C:\Program Files\nodejs\node.exe C:\Users\hp\AppData\Roaming\npm\node_modules\firebase-tools\bin\firebase serve
[debug] [2018-07-03T15:32:07.399Z] CLI Version:   3.19.1
[debug] [2018-07-03T15:32:07.399Z] Platform:      win32
[debug] [2018-07-03T15:32:07.399Z] Node Version:  v9.8.0
[debug] [2018-07-03T15:32:07.399Z] Time:          Tue Jul 03 2018 21:02:07 GMT+0530 (India Standard Time)
[debug] [2018-07-03T15:32:07.399Z] ----------------------------------------------------------------------
[debug] 
[debug] [2018-07-03T15:32:07.410Z] > command requires scopes: ["email","openid","https://www.googleapis.com/auth/cloudplatformprojects.readonly","https://www.googleapis.com/auth/firebase","https://www.googleapis.com/auth/cloud-platform"]
[debug] [2018-07-03T15:32:07.411Z] > authorizing via signed-in user
[debug] [2018-07-03T15:32:07.413Z] > refreshing access token with scopes: ["email","https://www.googleapis.com/auth/cloud-platform","https://www.googleapis.com/auth/cloudplatformprojects.readonly","https://www.googleapis.com/auth/firebase","openid"]
[debug] [2018-07-03T15:32:07.413Z] >>> HTTP REQUEST POST https://www.googleapis.com/oauth2/v3/token  
 { refresh_token: '1/kfa9F3yIIrYEU1bPDncrHD2Yyv7iA5CrO-byOR66b3w',
  client_id: '563584335869-fgrhgmd47bqnekij5i8b5pr03ho849e6.apps.googleusercontent.com',
  client_secret: 'j9iVZfS8kkCEFUPaAeJV0sAi',
  grant_type: 'refresh_token',
  scope: 'email https://www.googleapis.com/auth/cloud-platform https://www.googleapis.com/auth/cloudplatformprojects.readonly https://www.googleapis.com/auth/firebase openid' } 
 Tue Jul 03 2018 21:02:07 GMT+0530 (India Standard Time)
[debug] [2018-07-03T15:32:08.067Z] <<< HTTP RESPONSE 200
[debug] [2018-07-03T15:32:08.099Z] >>> HTTP REQUEST GET https://admin.firebase.com/v1/projects/babble-login  
  
 Tue Jul 03 2018 21:02:08 GMT+0530 (India Standard Time)
[debug] [2018-07-03T15:32:10.143Z] <<< HTTP RESPONSE 200
[debug] [2018-07-03T15:32:10.143Z] >>> HTTP REQUEST GET https://admin.firebase.com/v1/database/babble-login/tokens  
  
 Tue Jul 03 2018 21:02:10 GMT+0530 (India Standard Time)
[debug] [2018-07-03T15:32:11.447Z] <<< HTTP RESPONSE 200
[debug] [2018-07-03T15:32:11.447Z] >>> HTTP REQUEST GET https://cloudresourcemanager.googleapis.com/v1/projects/babble-login  
  
 Tue Jul 03 2018 21:02:11 GMT+0530 (India Standard Time)
[debug] [2018-07-03T15:32:13.350Z] <<< HTTP RESPONSE 200
[info] 
[info] === Serving from 'F:\WEB-DEV PROJECTS\IEEE PROJECTS\Babble-WPA-Blockchain-Integration-'...
[info] 
[debug] [2018-07-03T15:32:13.350Z] >>> HTTP REQUEST GET https://mobilesdk-pa.googleapis.com/v1/projects/386415256208/clients/_:getWebAppConfig  
  
 Tue Jul 03 2018 21:02:13 GMT+0530 (India Standard Time)
[debug] [2018-07-03T15:32:14.599Z] <<< HTTP RESPONSE 200
[info] i  hosting: Serving hosting files from: ./
[info] +  hosting: Local server: http://localhost:5000

[debug] [2018-07-04T10:43:51.743Z] ----------------------------------------------------------------------
[debug] [2018-07-04T10:43:51.745Z] Command:       C:\Program Files\nodejs\node.exe C:\Users\hp\AppData\Roaming\npm\node_modules\firebase-tools\bin\firebase serve
[debug] [2018-07-04T10:43:51.745Z] CLI Version:   3.19.1
[debug] [2018-07-04T10:43:51.745Z] Platform:      win32
[debug] [2018-07-04T10:43:51.745Z] Node Version:  v9.8.0
[debug] [2018-07-04T10:43:51.746Z] Time:          Wed Jul 04 2018 16:13:51 GMT+0530 (India Standard Time)
[debug] [2018-07-04T10:43:51.746Z] ----------------------------------------------------------------------
[debug] 
[debug] [2018-07-04T10:43:51.766Z] > command requires scopes: ["email","openid","https://www.googleapis.com/auth/cloudplatformprojects.readonly","https://www.googleapis.com/auth/firebase","https://www.googleapis.com/auth/cloud-platform"]
[debug] [2018-07-04T10:43:51.766Z] > authorizing via signed-in user
[debug] [2018-07-04T10:43:51.770Z] > refreshing access token with scopes: ["email","https://www.googleapis.com/auth/cloud-platform","https://www.googleapis.com/auth/cloudplatformprojects.readonly","https://www.googleapis.com/auth/firebase","openid"]
[debug] [2018-07-04T10:43:51.770Z] >>> HTTP REQUEST POST https://www.googleapis.com/oauth2/v3/token  
 { refresh_token: '1/kfa9F3yIIrYEU1bPDncrHD2Yyv7iA5CrO-byOR66b3w',
  client_id: '563584335869-fgrhgmd47bqnekij5i8b5pr03ho849e6.apps.googleusercontent.com',
  client_secret: 'j9iVZfS8kkCEFUPaAeJV0sAi',
  grant_type: 'refresh_token',
  scope: 'email https://www.googleapis.com/auth/cloud-platform https://www.googleapis.com/auth/cloudplatformprojects.readonly https://www.googleapis.com/auth/firebase openid' } 
 Wed Jul 04 2018 16:13:51 GMT+0530 (India Standard Time)
[debug] [2018-07-04T10:43:52.207Z] <<< HTTP RESPONSE 200
[debug] [2018-07-04T10:43:52.281Z] >>> HTTP REQUEST GET https://admin.firebase.com/v1/projects/babble-login  
  
 Wed Jul 04 2018 16:13:52 GMT+0530 (India Standard Time)
[debug] [2018-07-04T10:43:53.867Z] <<< HTTP RESPONSE 200
[debug] [2018-07-04T10:43:53.870Z] >>> HTTP REQUEST GET https://admin.firebase.com/v1/database/babble-login/tokens  
  
 Wed Jul 04 2018 16:13:53 GMT+0530 (India Standard Time)
[debug] [2018-07-04T10:43:54.945Z] <<< HTTP RESPONSE 200
[debug] [2018-07-04T10:43:54.946Z] >>> HTTP REQUEST GET https://cloudresourcemanager.googleapis.com/v1/projects/babble-login  
  
 Wed Jul 04 2018 16:13:54 GMT+0530 (India Standard Time)
[debug] [2018-07-04T10:43:56.819Z] <<< HTTP RESPONSE 200
[info] 
[info] === Serving from 'F:\WEB-DEV PROJECTS\IEEE PROJECTS\Babble-WPA-Blockchain-Integration-'...
[info] 
[debug] [2018-07-04T10:43:56.825Z] >>> HTTP REQUEST GET https://mobilesdk-pa.googleapis.com/v1/projects/386415256208/clients/_:getWebAppConfig  
  
 Wed Jul 04 2018 16:13:56 GMT+0530 (India Standard Time)
[debug] [2018-07-04T10:43:57.815Z] <<< HTTP RESPONSE 200
[info] i  hosting: Serving hosting files from: ./
[info] +  hosting: Local server: http://localhost:5000

[debug] [2018-07-04T11:32:54.872Z] ----------------------------------------------------------------------
[debug] [2018-07-04T11:32:54.874Z] Command:       C:\Program Files\nodejs\node.exe C:\Users\hp\AppData\Roaming\npm\node_modules\firebase-tools\bin\firebase serve
[debug] [2018-07-04T11:32:54.875Z] CLI Version:   3.19.1
[debug] [2018-07-04T11:32:54.875Z] Platform:      win32
[debug] [2018-07-04T11:32:54.875Z] Node Version:  v9.8.0
[debug] [2018-07-04T11:32:54.875Z] Time:          Wed Jul 04 2018 17:02:54 GMT+0530 (India Standard Time)
[debug] [2018-07-04T11:32:54.875Z] ----------------------------------------------------------------------
[debug] 
[debug] [2018-07-04T11:32:54.886Z] > command requires scopes: ["email","openid","https://www.googleapis.com/auth/cloudplatformprojects.readonly","https://www.googleapis.com/auth/firebase","https://www.googleapis.com/auth/cloud-platform"]
[debug] [2018-07-04T11:32:54.886Z] > authorizing via signed-in user
[debug] [2018-07-04T11:32:54.888Z] > refreshing access token with scopes: ["email","https://www.googleapis.com/auth/cloud-platform","https://www.googleapis.com/auth/cloudplatformprojects.readonly","https://www.googleapis.com/auth/firebase","openid"]
[debug] [2018-07-04T11:32:54.889Z] >>> HTTP REQUEST POST https://www.googleapis.com/oauth2/v3/token  
 { refresh_token: '1/kfa9F3yIIrYEU1bPDncrHD2Yyv7iA5CrO-byOR66b3w',
  client_id: '563584335869-fgrhgmd47bqnekij5i8b5pr03ho849e6.apps.googleusercontent.com',
  client_secret: 'j9iVZfS8kkCEFUPaAeJV0sAi',
  grant_type: 'refresh_token',
  scope: 'email https://www.googleapis.com/auth/cloud-platform https://www.googleapis.com/auth/cloudplatformprojects.readonly https://www.googleapis.com/auth/firebase openid' } 
 Wed Jul 04 2018 17:02:54 GMT+0530 (India Standard Time)
[debug] [2018-07-04T11:32:55.374Z] <<< HTTP RESPONSE 200
[debug] [2018-07-04T11:32:55.425Z] >>> HTTP REQUEST GET https://admin.firebase.com/v1/projects/babble-login  
  
 Wed Jul 04 2018 17:02:55 GMT+0530 (India Standard Time)
[debug] [2018-07-04T11:32:56.660Z] <<< HTTP RESPONSE 200
[debug] [2018-07-04T11:32:56.663Z] >>> HTTP REQUEST GET https://admin.firebase.com/v1/database/babble-login/tokens  
  
 Wed Jul 04 2018 17:02:56 GMT+0530 (India Standard Time)
[debug] [2018-07-04T11:32:57.888Z] <<< HTTP RESPONSE 200
[debug] [2018-07-04T11:32:57.892Z] >>> HTTP REQUEST GET https://cloudresourcemanager.googleapis.com/v1/projects/babble-login  
  
 Wed Jul 04 2018 17:02:57 GMT+0530 (India Standard Time)
[debug] [2018-07-04T11:32:59.626Z] <<< HTTP RESPONSE 200
[info] 
[info] === Serving from 'F:\WEB-DEV PROJECTS\IEEE PROJECTS\Babble-WPA-Blockchain-Integration-'...
[info] 
[debug] [2018-07-04T11:32:59.636Z] >>> HTTP REQUEST GET https://mobilesdk-pa.googleapis.com/v1/projects/386415256208/clients/_:getWebAppConfig  
  
 Wed Jul 04 2018 17:02:59 GMT+0530 (India Standard Time)
[debug] [2018-07-04T11:33:00.472Z] <<< HTTP RESPONSE 200
[info] i  hosting: Serving hosting files from: ./
[info] +  hosting: Local server: http://localhost:5000

